{"numFailedTestSuites":1,"numFailedTests":1,"numPassedTestSuites":3,"numPassedTests":28,"numPendingTestSuites":0,"numPendingTests":0,"numRuntimeErrorTestSuites":0,"numTodoTests":0,"numTotalTestSuites":4,"numTotalTests":29,"openHandles":[],"snapshot":{"added":0,"didUpdate":false,"failure":false,"filesAdded":0,"filesRemoved":0,"filesRemovedList":[],"filesUnmatched":0,"filesUpdated":0,"matched":0,"total":0,"unchecked":0,"uncheckedKeysByFile":[],"unmatched":0,"updated":0},"startTime":1751957911060,"success":false,"testResults":[{"assertionResults":[{"ancestorTitles":["rawDataSlice reducer"],"failureMessages":[],"fullName":"rawDataSlice reducer should handle initial state","location":null,"status":"passed","title":"should handle initial state"},{"ancestorTitles":["rawDataSlice reducer"],"failureMessages":[],"fullName":"rawDataSlice reducer should handle loadDataStart","location":null,"status":"passed","title":"should handle loadDataStart"},{"ancestorTitles":["rawDataSlice reducer"],"failureMessages":[],"fullName":"rawDataSlice reducer should handle loadDataSuccess","location":null,"status":"passed","title":"should handle loadDataSuccess"},{"ancestorTitles":["rawDataSlice reducer"],"failureMessages":[],"fullName":"rawDataSlice reducer should handle loadDataFailure","location":null,"status":"passed","title":"should handle loadDataFailure"},{"ancestorTitles":["rawDataSlice reducer"],"failureMessages":[],"fullName":"rawDataSlice reducer should handle clearData","location":null,"status":"passed","title":"should handle clearData"}],"endTime":1751957913018,"message":"","name":"/app/bi-dashboard/src/store/rawDataSlice.test.ts","startTime":1751957911870,"status":"passed","summary":""},{"assertionResults":[{"ancestorTitles":["filtersSlice reducer"],"failureMessages":[],"fullName":"filtersSlice reducer should handle initial state","location":null,"status":"passed","title":"should handle initial state"},{"ancestorTitles":["filtersSlice reducer"],"failureMessages":[],"fullName":"filtersSlice reducer should handle setFilter to add a new filter","location":null,"status":"passed","title":"should handle setFilter to add a new filter"},{"ancestorTitles":["filtersSlice reducer"],"failureMessages":[],"fullName":"filtersSlice reducer should handle setFilter to update an existing filter","location":null,"status":"passed","title":"should handle setFilter to update an existing filter"},{"ancestorTitles":["filtersSlice reducer"],"failureMessages":[],"fullName":"filtersSlice reducer should handle setFilter to remove a filter if values are empty","location":null,"status":"passed","title":"should handle setFilter to remove a filter if values are empty"},{"ancestorTitles":["filtersSlice reducer"],"failureMessages":[],"fullName":"filtersSlice reducer should handle clearFilter","location":null,"status":"passed","title":"should handle clearFilter"},{"ancestorTitles":["filtersSlice reducer"],"failureMessages":[],"fullName":"filtersSlice reducer should handle clearAllFilters","location":null,"status":"passed","title":"should handle clearAllFilters"},{"ancestorTitles":["filtersSlice reducer"],"failureMessages":[],"fullName":"filtersSlice reducer should handle pruneFilters to remove filters for non-existent columns","location":null,"status":"passed","title":"should handle pruneFilters to remove filters for non-existent columns"},{"ancestorTitles":["filtersSlice reducer"],"failureMessages":[],"fullName":"filtersSlice reducer should handle pruneFilters with no filters to remove","location":null,"status":"passed","title":"should handle pruneFilters with no filters to remove"},{"ancestorTitles":["filtersSlice reducer"],"failureMessages":[],"fullName":"filtersSlice reducer should handle pruneFilters when all current filters are valid","location":null,"status":"passed","title":"should handle pruneFilters when all current filters are valid"}],"endTime":1751957913053,"message":"","name":"/app/bi-dashboard/src/store/filtersSlice.test.ts","startTime":1751957911877,"status":"passed","summary":""},{"assertionResults":[{"ancestorTitles":["Redux Selectors","selectColumnNames"],"failureMessages":[],"fullName":"Redux Selectors selectColumnNames should return the column names from rawData state","location":null,"status":"passed","title":"should return the column names from rawData state"},{"ancestorTitles":["Redux Selectors","selectFilteredData"],"failureMessages":[],"fullName":"Redux Selectors selectFilteredData should return all data when no filters are active","location":null,"status":"passed","title":"should return all data when no filters are active"},{"ancestorTitles":["Redux Selectors","selectFilteredData"],"failureMessages":[],"fullName":"Redux Selectors selectFilteredData should filter data based on a single active filter","location":null,"status":"passed","title":"should filter data based on a single active filter"},{"ancestorTitles":["Redux Selectors","selectFilteredData"],"failureMessages":[],"fullName":"Redux Selectors selectFilteredData should filter data based on multiple active filters (AND logic)","location":null,"status":"passed","title":"should filter data based on multiple active filters (AND logic)"},{"ancestorTitles":["Redux Selectors","selectFilteredData"],"failureMessages":[],"fullName":"Redux Selectors selectFilteredData should return empty array if no data matches filters","location":null,"status":"passed","title":"should return empty array if no data matches filters"},{"ancestorTitles":["Redux Selectors","selectFilteredData"],"failureMessages":[],"fullName":"Redux Selectors selectFilteredData should handle filters with multiple selected values (OR logic within a column)","location":null,"status":"passed","title":"should handle filters with multiple selected values (OR logic within a column)"},{"ancestorTitles":["Redux Selectors","makeSelectAvailableOptionsForColumn"],"failureMessages":[],"fullName":"Redux Selectors makeSelectAvailableOptionsForColumn should return all unique options for a column when no other filters are active","location":null,"status":"passed","title":"should return all unique options for a column when no other filters are active"},{"ancestorTitles":["Redux Selectors","makeSelectAvailableOptionsForColumn"],"failureMessages":[],"fullName":"Redux Selectors makeSelectAvailableOptionsForColumn should return relevant options for a column when another filter is active","location":null,"status":"passed","title":"should return relevant options for a column when another filter is active"},{"ancestorTitles":["Redux Selectors","makeSelectAvailableOptionsForColumn"],"failureMessages":[],"fullName":"Redux Selectors makeSelectAvailableOptionsForColumn should ignore the target column's own filter when calculating its options","location":null,"status":"passed","title":"should ignore the target column's own filter when calculating its options"},{"ancestorTitles":["Redux Selectors","makeSelectAvailableOptionsForColumn"],"failureMessages":[],"fullName":"Redux Selectors makeSelectAvailableOptionsForColumn should return options for mod4 based on mod3 filter","location":null,"status":"passed","title":"should return options for mod4 based on mod3 filter"},{"ancestorTitles":["Redux Selectors","makeSelectAvailableOptionsForColumn"],"failureMessages":[],"fullName":"Redux Selectors makeSelectAvailableOptionsForColumn should return empty array if no data matches other filters","location":null,"status":"passed","title":"should return empty array if no data matches other filters"},{"ancestorTitles":["Redux Selectors","selectAllUniqueOptionsByColumn"],"failureMessages":[],"fullName":"Redux Selectors selectAllUniqueOptionsByColumn should return a map of all unique options for each column from rawData","location":null,"status":"passed","title":"should return a map of all unique options for each column from rawData"},{"ancestorTitles":["Redux Selectors","selectAllUniqueOptionsByColumn"],"failureMessages":[],"fullName":"Redux Selectors selectAllUniqueOptionsByColumn should return empty map if rawData is empty","location":null,"status":"passed","title":"should return empty map if rawData is empty"},{"ancestorTitles":["Redux Selectors","selectAllUniqueOptionsByColumn"],"failureMessages":[],"fullName":"Redux Selectors selectAllUniqueOptionsByColumn should return empty map if columnNames is empty","location":null,"status":"passed","title":"should return empty map if columnNames is empty"}],"endTime":1751957913142,"message":"","name":"/app/bi-dashboard/src/store/selectors.test.ts","startTime":1751957911870,"status":"passed","summary":""},{"assertionResults":[{"ancestorTitles":[],"failureMessages":["Error: could not find react-redux context value; please ensure the component is wrapped in a <Provider>\n    at useReduxContext (/app/bi-dashboard/node_modules/react-redux/src/hooks/useReduxContext.ts:17:13)\n    at useStore (/app/bi-dashboard/node_modules/react-redux/src/hooks/useStore.ts:97:23)\n    at useDispatch2 (/app/bi-dashboard/node_modules/react-redux/src/hooks/useDispatch.ts:72:19)\n    at App (/app/bi-dashboard/src/App.tsx:18:31)\n    at renderWithHooks (/app/bi-dashboard/node_modules/react-dom/cjs/react-dom.development.js:15486:18)\n    at mountIndeterminateComponent (/app/bi-dashboard/node_modules/react-dom/cjs/react-dom.development.js:20103:13)\n    at beginWork (/app/bi-dashboard/node_modules/react-dom/cjs/react-dom.development.js:21626:16)\n    at beginWork$1 (/app/bi-dashboard/node_modules/react-dom/cjs/react-dom.development.js:27465:14)\n    at performUnitOfWork (/app/bi-dashboard/node_modules/react-dom/cjs/react-dom.development.js:26599:12)\n    at workLoopSync (/app/bi-dashboard/node_modules/react-dom/cjs/react-dom.development.js:26505:5)\n    at renderRootSync (/app/bi-dashboard/node_modules/react-dom/cjs/react-dom.development.js:26473:7)\n    at recoverFromConcurrentError (/app/bi-dashboard/node_modules/react-dom/cjs/react-dom.development.js:25889:20)\n    at performConcurrentWorkOnRoot (/app/bi-dashboard/node_modules/react-dom/cjs/react-dom.development.js:25789:22)\n    at flushActQueue (/app/bi-dashboard/node_modules/react/cjs/react.development.js:2667:24)\n    at act (/app/bi-dashboard/node_modules/react/cjs/react.development.js:2582:11)\n    at /app/bi-dashboard/node_modules/@testing-library/react/dist/act-compat.js:47:25\n    at renderRoot (/app/bi-dashboard/node_modules/@testing-library/react/dist/pure.js:190:26)\n    at render (/app/bi-dashboard/node_modules/@testing-library/react/dist/pure.js:292:10)\n    at Object.<anonymous> (/app/bi-dashboard/src/App.test.tsx:6:9)\n    at Promise.then.completed (/app/bi-dashboard/node_modules/jest-circus/build/utils.js:391:28)\n    at new Promise (<anonymous>)\n    at callAsyncCircusFn (/app/bi-dashboard/node_modules/jest-circus/build/utils.js:316:10)\n    at _callCircusTest (/app/bi-dashboard/node_modules/jest-circus/build/run.js:218:40)\n    at processTicksAndRejections (node:internal/process/task_queues:105:5)\n    at _runTest (/app/bi-dashboard/node_modules/jest-circus/build/run.js:155:3)\n    at _runTestsForDescribeBlock (/app/bi-dashboard/node_modules/jest-circus/build/run.js:66:9)\n    at run (/app/bi-dashboard/node_modules/jest-circus/build/run.js:25:3)\n    at runAndTransformResultsToJestFormat (/app/bi-dashboard/node_modules/jest-circus/build/legacy-code-todo-rewrite/jestAdapterInit.js:170:21)\n    at jestAdapter (/app/bi-dashboard/node_modules/jest-circus/build/legacy-code-todo-rewrite/jestAdapter.js:82:19)\n    at runTestInternal (/app/bi-dashboard/node_modules/jest-runner/build/runTest.js:389:16)\n    at runTest (/app/bi-dashboard/node_modules/jest-runner/build/runTest.js:475:34)\n    at Object.worker (/app/bi-dashboard/node_modules/jest-runner/build/testWorker.js:133:12)"],"fullName":"renders learn react link","location":null,"status":"failed","title":"renders learn react link"}],"endTime":1751957913592,"message":"  ● renders learn react link\n\n    could not find react-redux context value; please ensure the component is wrapped in a <Provider>\n\n      16 |\n      17 | function App() {\n    > 18 |   const dispatch = useDispatch<AppDispatch>();\n         |                               ^\n      19 |   const { loading, error, columnNames } = useSelector((state: RootState) => state.rawData);\n      20 |   const [currentDatasetPath, setCurrentDatasetPath] = useState<string>(DATASETS.small.path);\n      21 |\n\n      at useReduxContext (node_modules/react-redux/src/hooks/useReduxContext.ts:17:13)\n      at useStore (node_modules/react-redux/src/hooks/useStore.ts:97:23)\n      at useDispatch2 (node_modules/react-redux/src/hooks/useDispatch.ts:72:19)\n      at App (src/App.tsx:18:31)\n      at renderWithHooks (node_modules/react-dom/cjs/react-dom.development.js:15486:18)\n      at mountIndeterminateComponent (node_modules/react-dom/cjs/react-dom.development.js:20103:13)\n      at beginWork (node_modules/react-dom/cjs/react-dom.development.js:21626:16)\n      at beginWork$1 (node_modules/react-dom/cjs/react-dom.development.js:27465:14)\n      at performUnitOfWork (node_modules/react-dom/cjs/react-dom.development.js:26599:12)\n      at workLoopSync (node_modules/react-dom/cjs/react-dom.development.js:26505:5)\n      at renderRootSync (node_modules/react-dom/cjs/react-dom.development.js:26473:7)\n      at recoverFromConcurrentError (node_modules/react-dom/cjs/react-dom.development.js:25889:20)\n      at performConcurrentWorkOnRoot (node_modules/react-dom/cjs/react-dom.development.js:25789:22)\n      at flushActQueue (node_modules/react/cjs/react.development.js:2667:24)\n      at act (node_modules/react/cjs/react.development.js:2582:11)\n      at node_modules/@testing-library/react/dist/act-compat.js:47:25\n      at renderRoot (node_modules/@testing-library/react/dist/pure.js:190:26)\n      at render (node_modules/@testing-library/react/dist/pure.js:292:10)\n      at Object.<anonymous> (src/App.test.tsx:6:9)\n","name":"/app/bi-dashboard/src/App.test.tsx","startTime":1751957913040,"status":"failed","summary":""}],"wasInterrupted":false}